<?xml version="1.0" encoding="UTF-8"?>
<!-- Generated by org.testng.reporters.JUnitReportReporter -->
<testsuite hostname="LAPTOP-58KVVUOH" failures="0" tests="1" name="TestClass" time="0.009" errors="0" timestamp="2024-03-11T06:29:06 IST" skipped="0">
  <testcase classname="TestClass" name="test1" time="0.009"/>
</testsuite> <!-- TestClass -->
